mode: atomic
github.com/rmscoal/moilerplate/internal/adapter/repo/base_gorm_repo.go:24.35,26.2 1 1
github.com/rmscoal/moilerplate/internal/adapter/repo/base_gorm_repo.go:39.57,46.19 2 21
github.com/rmscoal/moilerplate/internal/adapter/repo/base_gorm_repo.go:46.19,47.52 1 11
github.com/rmscoal/moilerplate/internal/adapter/repo/base_gorm_repo.go:47.52,49.4 1 11
github.com/rmscoal/moilerplate/internal/adapter/repo/base_gorm_repo.go:51.3,51.56 1 0
github.com/rmscoal/moilerplate/internal/adapter/repo/base_gorm_repo.go:51.56,53.4 1 0
github.com/rmscoal/moilerplate/internal/adapter/repo/base_gorm_repo.go:56.2,56.12 1 10
github.com/rmscoal/moilerplate/internal/adapter/repo/base_gorm_repo.go:59.47,80.16 2 13
github.com/rmscoal/moilerplate/internal/adapter/repo/base_gorm_repo.go:80.16,82.3 1 12
github.com/rmscoal/moilerplate/internal/adapter/repo/base_gorm_repo.go:84.2,84.18 1 1
github.com/rmscoal/moilerplate/internal/adapter/repo/base_gorm_repo.go:84.18,88.3 3 1
github.com/rmscoal/moilerplate/internal/adapter/repo/base_gorm_repo.go:90.2,90.12 1 1
github.com/rmscoal/moilerplate/internal/adapter/repo/base_gorm_repo.go:93.51,107.16 2 2
github.com/rmscoal/moilerplate/internal/adapter/repo/base_gorm_repo.go:107.16,109.3 1 1
github.com/rmscoal/moilerplate/internal/adapter/repo/base_gorm_repo.go:111.2,111.18 1 1
github.com/rmscoal/moilerplate/internal/adapter/repo/base_gorm_repo.go:111.18,115.3 3 1
github.com/rmscoal/moilerplate/internal/adapter/repo/base_gorm_repo.go:117.2,117.12 1 1
github.com/rmscoal/moilerplate/internal/adapter/repo/base_gorm_repo.go:120.62,121.16 1 7
github.com/rmscoal/moilerplate/internal/adapter/repo/base_gorm_repo.go:121.16,123.3 1 1
github.com/rmscoal/moilerplate/internal/adapter/repo/base_gorm_repo.go:125.2,125.44 1 6
github.com/rmscoal/moilerplate/internal/adapter/repo/base_gorm_repo.go:125.44,126.31 1 3
github.com/rmscoal/moilerplate/internal/adapter/repo/base_gorm_repo.go:127.23,128.82 1 2
github.com/rmscoal/moilerplate/internal/adapter/repo/base_gorm_repo.go:129.24,130.88 1 1
github.com/rmscoal/moilerplate/internal/adapter/repo/base_gorm_repo.go:134.2,134.30 1 3
github.com/rmscoal/moilerplate/internal/adapter/repo/base_gorm_repo.go:137.60,138.16 1 7
github.com/rmscoal/moilerplate/internal/adapter/repo/base_gorm_repo.go:138.16,140.3 1 1
github.com/rmscoal/moilerplate/internal/adapter/repo/base_gorm_repo.go:142.2,142.44 1 6
github.com/rmscoal/moilerplate/internal/adapter/repo/base_gorm_repo.go:142.44,144.3 1 3
github.com/rmscoal/moilerplate/internal/adapter/repo/base_gorm_repo.go:146.2,146.30 1 3
github.com/rmscoal/moilerplate/internal/adapter/repo/credential_repo_impl.go:14.42,16.2 1 10
github.com/rmscoal/moilerplate/internal/adapter/repo/credential_repo_impl.go:18.100,22.69 3 4
github.com/rmscoal/moilerplate/internal/adapter/repo/credential_repo_impl.go:22.69,26.3 3 3
github.com/rmscoal/moilerplate/internal/adapter/repo/credential_repo_impl.go:28.2,28.18 1 1
github.com/rmscoal/moilerplate/internal/adapter/repo/credential_repo_impl.go:31.106,36.93 4 3
github.com/rmscoal/moilerplate/internal/adapter/repo/credential_repo_impl.go:36.93,40.3 3 2
github.com/rmscoal/moilerplate/internal/adapter/repo/credential_repo_impl.go:42.2,42.18 1 1
github.com/rmscoal/moilerplate/internal/adapter/repo/credential_repo_impl.go:45.94,50.81 4 3
github.com/rmscoal/moilerplate/internal/adapter/repo/credential_repo_impl.go:50.81,54.3 3 2
github.com/rmscoal/moilerplate/internal/adapter/repo/credential_repo_impl.go:56.2,56.18 1 1
github.com/rmscoal/moilerplate/internal/app/usecase/credential_usecase.go:21.109,23.2 1 0
github.com/rmscoal/moilerplate/internal/app/usecase/credential_usecase.go:25.97,29.40 3 0
github.com/rmscoal/moilerplate/internal/app/usecase/credential_usecase.go:29.40,31.3 1 0
github.com/rmscoal/moilerplate/internal/app/usecase/credential_usecase.go:33.2,36.16 3 0
github.com/rmscoal/moilerplate/internal/app/usecase/credential_usecase.go:36.16,38.3 1 0
github.com/rmscoal/moilerplate/internal/app/usecase/credential_usecase.go:40.2,40.18 1 0
github.com/rmscoal/moilerplate/internal/app/usecase/credential_usecase.go:43.103,47.50 3 0
github.com/rmscoal/moilerplate/internal/app/usecase/credential_usecase.go:47.50,49.3 1 0
github.com/rmscoal/moilerplate/internal/app/usecase/credential_usecase.go:51.2,52.16 2 0
github.com/rmscoal/moilerplate/internal/app/usecase/credential_usecase.go:52.16,54.3 1 0
github.com/rmscoal/moilerplate/internal/app/usecase/credential_usecase.go:56.2,57.16 2 0
github.com/rmscoal/moilerplate/internal/app/usecase/credential_usecase.go:57.16,59.3 1 0
github.com/rmscoal/moilerplate/internal/app/usecase/credential_usecase.go:59.8,59.19 1 0
github.com/rmscoal/moilerplate/internal/app/usecase/credential_usecase.go:59.19,61.3 1 0
github.com/rmscoal/moilerplate/internal/app/usecase/credential_usecase.go:63.2,64.16 2 0
github.com/rmscoal/moilerplate/internal/app/usecase/credential_usecase.go:64.16,66.3 1 0
github.com/rmscoal/moilerplate/internal/app/usecase/credential_usecase.go:68.2,68.8 1 0
github.com/rmscoal/moilerplate/internal/app/usecase/credential_usecase.go:71.108,73.16 2 0
github.com/rmscoal/moilerplate/internal/app/usecase/credential_usecase.go:73.16,75.3 1 0
github.com/rmscoal/moilerplate/internal/app/usecase/credential_usecase.go:77.2,78.16 2 0
github.com/rmscoal/moilerplate/internal/app/usecase/credential_usecase.go:78.16,80.3 1 0
github.com/rmscoal/moilerplate/internal/app/usecase/credential_usecase.go:82.2,82.8 1 0
github.com/rmscoal/moilerplate/internal/app/usecase/credential_usecase.go:85.88,87.16 2 0
github.com/rmscoal/moilerplate/internal/app/usecase/credential_usecase.go:87.16,89.3 1 0
github.com/rmscoal/moilerplate/internal/app/usecase/credential_usecase.go:91.2,91.19 1 0
github.com/rmscoal/moilerplate/internal/app/usecase/errors.go:47.36,49.2 1 0
github.com/rmscoal/moilerplate/internal/app/usecase/errors.go:51.66,57.58 2 0
github.com/rmscoal/moilerplate/internal/app/usecase/errors.go:57.58,63.3 1 0
github.com/rmscoal/moilerplate/internal/app/usecase/errors.go:65.2,65.13 1 0
github.com/rmscoal/moilerplate/internal/app/usecase/errors.go:68.91,74.58 2 0
github.com/rmscoal/moilerplate/internal/app/usecase/errors.go:74.58,81.3 1 0
github.com/rmscoal/moilerplate/internal/app/usecase/errors.go:83.2,83.13 1 0
github.com/rmscoal/moilerplate/internal/app/usecase/errors.go:86.53,88.2 1 0
github.com/rmscoal/moilerplate/internal/app/usecase/errors.go:94.55,95.9 1 0
github.com/rmscoal/moilerplate/internal/app/usecase/errors.go:96.37,97.41 1 0
github.com/rmscoal/moilerplate/internal/app/usecase/errors.go:98.10,99.68 1 0
github.com/rmscoal/moilerplate/internal/app/usecase/errors.go:105.55,106.9 1 0
github.com/rmscoal/moilerplate/internal/app/usecase/errors.go:107.37,108.41 1 0
github.com/rmscoal/moilerplate/internal/app/usecase/errors.go:109.10,110.63 1 0
github.com/rmscoal/moilerplate/internal/app/usecase/errors.go:115.57,116.9 1 0
github.com/rmscoal/moilerplate/internal/app/usecase/errors.go:117.37,118.65 1 0
github.com/rmscoal/moilerplate/internal/app/usecase/errors.go:119.35,120.63 1 0
github.com/rmscoal/moilerplate/internal/app/usecase/errors.go:121.10,122.68 1 0
github.com/rmscoal/moilerplate/internal/app/usecase/errors.go:128.53,130.2 1 0
github.com/rmscoal/moilerplate/internal/app/usecase/errors.go:132.44,134.2 1 0
github.com/rmscoal/moilerplate/internal/app/usecase/errors.go:136.54,140.2 1 0
github.com/rmscoal/moilerplate/internal/app/usecase/errors.go:145.41,147.2 1 0
github.com/rmscoal/moilerplate/internal/app/usecase/errors.go:150.54,152.2 1 0
github.com/rmscoal/moilerplate/internal/domain/user.go:23.32,37.2 1 0
github.com/rmscoal/moilerplate/internal/domain/user.go:39.42,44.2 1 0
github.com/rmscoal/moilerplate/testing/observability/testing_trace.go:13.55,15.2 1 1
github.com/rmscoal/moilerplate/testing/observability/testing_trace.go:17.81,19.2 1 11
github.com/rmscoal/moilerplate/testing/observability/testing_trace.go:24.119,27.2 1 10
github.com/rmscoal/moilerplate/testing/repo/base_repo_mock.go:15.65,17.16 2 21
github.com/rmscoal/moilerplate/testing/repo/base_repo_mock.go:17.16,19.3 1 0
github.com/rmscoal/moilerplate/testing/repo/base_repo_mock.go:21.2,26.16 2 21
github.com/rmscoal/moilerplate/testing/repo/base_repo_mock.go:26.16,28.3 1 0
github.com/rmscoal/moilerplate/testing/repo/base_repo_mock.go:30.2,30.33 1 21
github.com/rmscoal/moilerplate/testing/repo/base_repo_mock.go:37.66,40.2 2 0
github.com/rmscoal/moilerplate/testing/repo/base_repo_mock.go:42.64,45.2 2 0
github.com/rmscoal/moilerplate/testing/repo/credential_repo_mock.go:15.104,18.2 2 0
github.com/rmscoal/moilerplate/testing/repo/credential_repo_mock.go:20.110,23.2 2 0
github.com/rmscoal/moilerplate/testing/repo/credential_repo_mock.go:25.98,28.2 2 0
github.com/rmscoal/moilerplate/internal/adapter/service/doorkeeper_service_impl.go:30.85,32.2 1 1
github.com/rmscoal/moilerplate/internal/adapter/service/doorkeeper_service_impl.go:34.108,49.2 4 3
github.com/rmscoal/moilerplate/internal/adapter/service/doorkeeper_service_impl.go:51.142,56.16 4 3
github.com/rmscoal/moilerplate/internal/adapter/service/doorkeeper_service_impl.go:56.16,58.3 1 1
github.com/rmscoal/moilerplate/internal/adapter/service/doorkeeper_service_impl.go:60.2,70.73 3 2
github.com/rmscoal/moilerplate/internal/adapter/service/doorkeeper_service_impl.go:89.122,102.16 6 6
github.com/rmscoal/moilerplate/internal/adapter/service/doorkeeper_service_impl.go:102.16,106.3 3 0
github.com/rmscoal/moilerplate/internal/adapter/service/doorkeeper_service_impl.go:108.2,114.16 2 6
github.com/rmscoal/moilerplate/internal/adapter/service/doorkeeper_service_impl.go:114.16,118.3 3 0
github.com/rmscoal/moilerplate/internal/adapter/service/doorkeeper_service_impl.go:120.2,122.20 3 6
github.com/rmscoal/moilerplate/internal/adapter/service/doorkeeper_service_impl.go:122.20,125.3 2 3
github.com/rmscoal/moilerplate/internal/adapter/service/doorkeeper_service_impl.go:125.8,128.3 2 3
github.com/rmscoal/moilerplate/internal/adapter/service/doorkeeper_service_impl.go:130.2,131.70 2 6
github.com/rmscoal/moilerplate/internal/adapter/service/doorkeeper_service_impl.go:131.70,135.3 3 1
github.com/rmscoal/moilerplate/internal/adapter/service/doorkeeper_service_impl.go:137.2,140.19 3 5
github.com/rmscoal/moilerplate/internal/adapter/service/doorkeeper_service_impl.go:143.114,148.16 4 2
github.com/rmscoal/moilerplate/internal/adapter/service/doorkeeper_service_impl.go:148.16,150.3 1 1
github.com/rmscoal/moilerplate/internal/adapter/service/doorkeeper_service_impl.go:152.2,152.32 1 1
github.com/rmscoal/moilerplate/internal/adapter/service/doorkeeper_service_impl.go:155.116,160.16 4 3
github.com/rmscoal/moilerplate/internal/adapter/service/doorkeeper_service_impl.go:160.16,162.3 1 1
github.com/rmscoal/moilerplate/internal/adapter/service/doorkeeper_service_impl.go:164.2,165.9 2 2
github.com/rmscoal/moilerplate/internal/adapter/service/doorkeeper_service_impl.go:165.9,167.3 1 0
github.com/rmscoal/moilerplate/internal/adapter/service/doorkeeper_service_impl.go:169.2,170.9 2 2
github.com/rmscoal/moilerplate/internal/adapter/service/doorkeeper_service_impl.go:170.9,172.3 1 0
github.com/rmscoal/moilerplate/internal/adapter/service/doorkeeper_service_impl.go:174.2,186.16 5 2
github.com/rmscoal/moilerplate/internal/adapter/service/doorkeeper_service_impl.go:186.16,187.27 1 1
github.com/rmscoal/moilerplate/internal/adapter/service/doorkeeper_service_impl.go:187.27,190.4 2 1
github.com/rmscoal/moilerplate/internal/adapter/service/doorkeeper_service_impl.go:192.3,192.20 1 0
github.com/rmscoal/moilerplate/internal/adapter/service/doorkeeper_service_impl.go:195.2,195.50 1 1
github.com/rmscoal/moilerplate/internal/adapter/service/doorkeeper_service_impl.go:198.90,207.2 6 1
github.com/rmscoal/moilerplate/internal/adapter/service/doorkeeper_service_impl.go:209.77,210.63 1 5
github.com/rmscoal/moilerplate/internal/adapter/service/doorkeeper_service_impl.go:210.63,211.45 1 3
github.com/rmscoal/moilerplate/internal/adapter/service/doorkeeper_service_impl.go:212.40,213.54 1 0
github.com/rmscoal/moilerplate/internal/adapter/service/doorkeeper_service_impl.go:213.54,215.5 1 0
github.com/rmscoal/moilerplate/internal/adapter/service/doorkeeper_service_impl.go:216.43,217.57 1 0
github.com/rmscoal/moilerplate/internal/adapter/service/doorkeeper_service_impl.go:217.57,219.5 1 0
github.com/rmscoal/moilerplate/internal/adapter/service/doorkeeper_service_impl.go:220.41,221.55 1 3
github.com/rmscoal/moilerplate/internal/adapter/service/doorkeeper_service_impl.go:221.55,223.5 1 0
github.com/rmscoal/moilerplate/internal/adapter/service/doorkeeper_service_impl.go:224.42,225.56 1 0
github.com/rmscoal/moilerplate/internal/adapter/service/doorkeeper_service_impl.go:225.56,227.5 1 0
github.com/rmscoal/moilerplate/internal/adapter/service/doorkeeper_service_impl.go:228.42,229.58 1 0
github.com/rmscoal/moilerplate/internal/adapter/service/doorkeeper_service_impl.go:229.58,231.5 1 0
github.com/rmscoal/moilerplate/internal/adapter/service/doorkeeper_service_impl.go:233.3,233.37 1 3
github.com/rmscoal/moilerplate/internal/adapter/service/rater_service_impl.go:13.53,15.2 1 1
github.com/rmscoal/moilerplate/internal/adapter/service/rater_service_impl.go:17.83,19.12 2 3
github.com/rmscoal/moilerplate/internal/adapter/service/rater_service_impl.go:19.12,22.3 2 1
github.com/rmscoal/moilerplate/internal/adapter/service/rater_service_impl.go:24.2,24.43 1 2
github.com/rmscoal/moilerplate/internal/domain/user.go:23.32,37.2 1 0
github.com/rmscoal/moilerplate/internal/domain/user.go:39.42,44.2 1 0
github.com/rmscoal/moilerplate/internal/utils/string.go:7.48,9.2 1 5
github.com/rmscoal/moilerplate/internal/utils/string.go:11.41,13.2 1 0
github.com/rmscoal/moilerplate/pkg/doorkeeper/doorkeeper.go:75.48,76.37 1 1
github.com/rmscoal/moilerplate/pkg/doorkeeper/doorkeeper.go:76.37,77.18 1 1
github.com/rmscoal/moilerplate/pkg/doorkeeper/doorkeeper.go:77.18,93.29 2 1
github.com/rmscoal/moilerplate/pkg/doorkeeper/doorkeeper.go:93.29,95.5 1 8
github.com/rmscoal/moilerplate/pkg/doorkeeper/doorkeeper.go:97.4,97.48 1 1
github.com/rmscoal/moilerplate/pkg/doorkeeper/doorkeeper.go:101.2,101.33 1 1
github.com/rmscoal/moilerplate/pkg/doorkeeper/doorkeeper.go:106.55,108.2 1 5
github.com/rmscoal/moilerplate/pkg/doorkeeper/doorkeeper.go:110.42,112.2 1 5
github.com/rmscoal/moilerplate/pkg/doorkeeper/doorkeeper.go:114.40,116.2 1 5
github.com/rmscoal/moilerplate/pkg/doorkeeper/doorkeeper.go:120.41,122.2 1 17
github.com/rmscoal/moilerplate/pkg/doorkeeper/doorkeeper.go:124.56,126.2 1 12
github.com/rmscoal/moilerplate/pkg/doorkeeper/doorkeeper.go:128.46,130.2 1 3
github.com/rmscoal/moilerplate/pkg/doorkeeper/doorkeeper.go:132.47,134.2 1 12
github.com/rmscoal/moilerplate/pkg/doorkeeper/doorkeeper.go:136.59,138.2 1 6
github.com/rmscoal/moilerplate/pkg/doorkeeper/doorkeeper.go:140.60,142.2 1 6
github.com/rmscoal/moilerplate/pkg/doorkeeper/doorkeeper.go:144.59,146.2 1 4
github.com/rmscoal/moilerplate/pkg/doorkeeper/doorkeeper.go:148.42,150.33 1 1
github.com/rmscoal/moilerplate/pkg/doorkeeper/doorkeeper.go:151.14,152.79 1 0
github.com/rmscoal/moilerplate/pkg/doorkeeper/doorkeeper.go:156.2,156.32 1 1
github.com/rmscoal/moilerplate/pkg/doorkeeper/doorkeeper.go:157.14,158.77 1 0
github.com/rmscoal/moilerplate/pkg/doorkeeper/doorkeeper.go:161.2,162.35 2 1
github.com/rmscoal/moilerplate/pkg/doorkeeper/doorkeeper.go:163.53,165.17 2 0
github.com/rmscoal/moilerplate/pkg/doorkeeper/doorkeeper.go:165.17,167.4 1 0
github.com/rmscoal/moilerplate/pkg/doorkeeper/doorkeeper.go:169.3,170.17 2 0
github.com/rmscoal/moilerplate/pkg/doorkeeper/doorkeeper.go:170.17,172.4 1 0
github.com/rmscoal/moilerplate/pkg/doorkeeper/doorkeeper.go:173.30,175.17 2 0
github.com/rmscoal/moilerplate/pkg/doorkeeper/doorkeeper.go:175.17,177.4 1 0
github.com/rmscoal/moilerplate/pkg/doorkeeper/doorkeeper.go:179.3,180.17 2 0
github.com/rmscoal/moilerplate/pkg/doorkeeper/doorkeeper.go:180.17,182.4 1 0
github.com/rmscoal/moilerplate/pkg/doorkeeper/doorkeeper.go:183.30,185.17 2 0
github.com/rmscoal/moilerplate/pkg/doorkeeper/doorkeeper.go:185.17,187.4 1 0
github.com/rmscoal/moilerplate/pkg/doorkeeper/doorkeeper.go:189.3,190.17 2 0
github.com/rmscoal/moilerplate/pkg/doorkeeper/doorkeeper.go:190.17,192.4 1 0
github.com/rmscoal/moilerplate/pkg/doorkeeper/doorkeeper.go:198.53,200.2 1 0
github.com/rmscoal/moilerplate/pkg/doorkeeper/options.go:19.56,20.29 1 1
github.com/rmscoal/moilerplate/pkg/doorkeeper/options.go:20.29,21.12 1 1
github.com/rmscoal/moilerplate/pkg/doorkeeper/options.go:21.12,23.4 1 1
github.com/rmscoal/moilerplate/pkg/doorkeeper/options.go:27.57,28.29 1 1
github.com/rmscoal/moilerplate/pkg/doorkeeper/options.go:28.29,29.12 1 1
github.com/rmscoal/moilerplate/pkg/doorkeeper/options.go:29.12,31.4 1 1
github.com/rmscoal/moilerplate/pkg/doorkeeper/options.go:35.43,36.29 1 1
github.com/rmscoal/moilerplate/pkg/doorkeeper/options.go:36.29,37.16 1 1
github.com/rmscoal/moilerplate/pkg/doorkeeper/options.go:37.16,39.4 1 1
github.com/rmscoal/moilerplate/pkg/doorkeeper/options.go:43.48,44.29 1 1
github.com/rmscoal/moilerplate/pkg/doorkeeper/options.go:44.29,46.3 1 1
github.com/rmscoal/moilerplate/pkg/doorkeeper/options.go:49.46,50.29 1 1
github.com/rmscoal/moilerplate/pkg/doorkeeper/options.go:50.29,52.3 1 1
github.com/rmscoal/moilerplate/pkg/doorkeeper/options.go:55.53,56.29 1 1
github.com/rmscoal/moilerplate/pkg/doorkeeper/options.go:56.29,57.14 1 1
github.com/rmscoal/moilerplate/pkg/doorkeeper/options.go:58.15,59.16 1 1
github.com/rmscoal/moilerplate/pkg/doorkeeper/options.go:60.15,61.46 1 1
github.com/rmscoal/moilerplate/pkg/doorkeeper/options.go:62.15,63.46 1 0
github.com/rmscoal/moilerplate/pkg/doorkeeper/options.go:64.15,65.46 1 0
github.com/rmscoal/moilerplate/pkg/doorkeeper/options.go:67.14,68.16 1 0
github.com/rmscoal/moilerplate/pkg/doorkeeper/options.go:69.15,70.46 1 0
github.com/rmscoal/moilerplate/pkg/doorkeeper/options.go:71.15,72.46 1 0
github.com/rmscoal/moilerplate/pkg/doorkeeper/options.go:73.15,74.46 1 0
github.com/rmscoal/moilerplate/pkg/doorkeeper/options.go:76.16,77.16 1 0
github.com/rmscoal/moilerplate/pkg/doorkeeper/options.go:78.15,79.46 1 0
github.com/rmscoal/moilerplate/pkg/doorkeeper/options.go:80.15,81.46 1 0
github.com/rmscoal/moilerplate/pkg/doorkeeper/options.go:82.15,83.46 1 0
github.com/rmscoal/moilerplate/pkg/doorkeeper/options.go:85.18,86.16 1 0
github.com/rmscoal/moilerplate/pkg/doorkeeper/options.go:87.15,88.46 1 0
github.com/rmscoal/moilerplate/pkg/doorkeeper/options.go:89.15,90.46 1 0
github.com/rmscoal/moilerplate/pkg/doorkeeper/options.go:91.15,92.46 1 0
github.com/rmscoal/moilerplate/pkg/doorkeeper/options.go:94.16,95.50 1 0
github.com/rmscoal/moilerplate/pkg/doorkeeper/options.go:102.51,103.29 1 1
github.com/rmscoal/moilerplate/pkg/doorkeeper/options.go:103.29,104.14 1 1
github.com/rmscoal/moilerplate/pkg/doorkeeper/options.go:105.15,106.35 1 0
github.com/rmscoal/moilerplate/pkg/doorkeeper/options.go:107.17,108.40 1 0
github.com/rmscoal/moilerplate/pkg/doorkeeper/options.go:109.17,110.37 1 0
github.com/rmscoal/moilerplate/pkg/doorkeeper/options.go:111.17,112.40 1 1
github.com/rmscoal/moilerplate/pkg/doorkeeper/options.go:113.17,114.37 1 0
github.com/rmscoal/moilerplate/pkg/doorkeeper/options.go:115.19,116.38 1 0
github.com/rmscoal/moilerplate/pkg/doorkeeper/options.go:117.19,118.38 1 0
github.com/rmscoal/moilerplate/pkg/doorkeeper/options.go:119.19,120.38 1 0
github.com/rmscoal/moilerplate/pkg/doorkeeper/options.go:121.19,122.38 1 0
github.com/rmscoal/moilerplate/pkg/doorkeeper/options.go:127.50,128.29 1 0
github.com/rmscoal/moilerplate/pkg/doorkeeper/options.go:128.29,130.3 1 0
github.com/rmscoal/moilerplate/pkg/doorkeeper/options.go:133.56,134.29 1 0
github.com/rmscoal/moilerplate/pkg/doorkeeper/options.go:134.29,136.3 1 0
github.com/rmscoal/moilerplate/pkg/doorkeeper/options.go:141.55,142.29 1 1
github.com/rmscoal/moilerplate/pkg/doorkeeper/options.go:142.29,145.3 2 1
github.com/rmscoal/moilerplate/pkg/rater/options.go:13.53,14.24 1 1
github.com/rmscoal/moilerplate/pkg/rater/options.go:14.24,15.50 1 1
github.com/rmscoal/moilerplate/pkg/rater/options.go:15.50,17.4 1 1
github.com/rmscoal/moilerplate/pkg/rater/options.go:21.56,22.24 1 1
github.com/rmscoal/moilerplate/pkg/rater/options.go:22.24,23.54 1 1
github.com/rmscoal/moilerplate/pkg/rater/options.go:23.54,25.4 1 1
github.com/rmscoal/moilerplate/pkg/rater/options.go:29.57,30.24 1 1
github.com/rmscoal/moilerplate/pkg/rater/options.go:30.24,31.27 1 1
github.com/rmscoal/moilerplate/pkg/rater/options.go:31.27,33.4 1 1
github.com/rmscoal/moilerplate/pkg/rater/options.go:37.51,38.24 1 1
github.com/rmscoal/moilerplate/pkg/rater/options.go:38.24,39.27 1 1
github.com/rmscoal/moilerplate/pkg/rater/options.go:39.27,41.4 1 1
github.com/rmscoal/moilerplate/pkg/rater/rater.go:40.59,41.32 1 1
github.com/rmscoal/moilerplate/pkg/rater/rater.go:41.32,42.18 1 1
github.com/rmscoal/moilerplate/pkg/rater/rater.go:42.18,53.29 2 1
github.com/rmscoal/moilerplate/pkg/rater/rater.go:53.29,55.5 1 4
github.com/rmscoal/moilerplate/pkg/rater/rater.go:57.4,57.49 1 1
github.com/rmscoal/moilerplate/pkg/rater/rater.go:61.2,61.28 1 1
github.com/rmscoal/moilerplate/pkg/rater/rater.go:64.63,65.12 1 1
github.com/rmscoal/moilerplate/pkg/rater/rater.go:65.12,66.7 1 1
github.com/rmscoal/moilerplate/pkg/rater/rater.go:66.7,67.11 1 1
github.com/rmscoal/moilerplate/pkg/rater/rater.go:68.22,69.11 1 0
github.com/rmscoal/moilerplate/pkg/rater/rater.go:70.12,74.43 3 1
github.com/rmscoal/moilerplate/pkg/rater/rater.go:74.43,75.68 1 0
github.com/rmscoal/moilerplate/pkg/rater/rater.go:75.68,77.7 1 0
github.com/rmscoal/moilerplate/pkg/rater/rater.go:79.5,79.22 1 0
github.com/rmscoal/moilerplate/pkg/rater/rater.go:85.58,91.2 4 3
github.com/rmscoal/moilerplate/pkg/rater/rater.go:93.53,100.2 5 1
github.com/rmscoal/moilerplate/pkg/rater/rater.go:102.58,108.2 4 3
github.com/rmscoal/moilerplate/testing/observability/testing_trace.go:13.55,15.2 1 1
github.com/rmscoal/moilerplate/testing/observability/testing_trace.go:17.81,19.2 1 1
github.com/rmscoal/moilerplate/testing/observability/testing_trace.go:24.119,27.2 1 18
github.com/rmscoal/moilerplate/testing/repo/base_repo_mock.go:15.65,17.16 2 1
github.com/rmscoal/moilerplate/testing/repo/base_repo_mock.go:17.16,19.3 1 0
github.com/rmscoal/moilerplate/testing/repo/base_repo_mock.go:21.2,26.16 2 1
github.com/rmscoal/moilerplate/testing/repo/base_repo_mock.go:26.16,28.3 1 0
github.com/rmscoal/moilerplate/testing/repo/base_repo_mock.go:30.2,30.33 1 1
github.com/rmscoal/moilerplate/testing/repo/base_repo_mock.go:37.66,40.2 2 0
github.com/rmscoal/moilerplate/testing/repo/base_repo_mock.go:42.64,45.2 2 0
github.com/rmscoal/moilerplate/testing/repo/credential_repo_mock.go:15.104,18.2 2 0
github.com/rmscoal/moilerplate/testing/repo/credential_repo_mock.go:20.110,23.2 2 0
github.com/rmscoal/moilerplate/testing/repo/credential_repo_mock.go:25.98,28.2 2 0
github.com/rmscoal/moilerplate/internal/app/usecase/credential_usecase.go:21.109,23.2 1 15
github.com/rmscoal/moilerplate/internal/app/usecase/credential_usecase.go:25.97,29.40 3 3
github.com/rmscoal/moilerplate/internal/app/usecase/credential_usecase.go:29.40,31.3 1 1
github.com/rmscoal/moilerplate/internal/app/usecase/credential_usecase.go:33.2,36.16 3 2
github.com/rmscoal/moilerplate/internal/app/usecase/credential_usecase.go:36.16,38.3 1 1
github.com/rmscoal/moilerplate/internal/app/usecase/credential_usecase.go:40.2,40.18 1 1
github.com/rmscoal/moilerplate/internal/app/usecase/credential_usecase.go:43.103,47.50 3 7
github.com/rmscoal/moilerplate/internal/app/usecase/credential_usecase.go:47.50,49.3 1 1
github.com/rmscoal/moilerplate/internal/app/usecase/credential_usecase.go:51.2,52.16 2 6
github.com/rmscoal/moilerplate/internal/app/usecase/credential_usecase.go:52.16,54.3 1 2
github.com/rmscoal/moilerplate/internal/app/usecase/credential_usecase.go:56.2,57.16 2 4
github.com/rmscoal/moilerplate/internal/app/usecase/credential_usecase.go:57.16,59.3 1 1
github.com/rmscoal/moilerplate/internal/app/usecase/credential_usecase.go:59.8,59.19 1 3
github.com/rmscoal/moilerplate/internal/app/usecase/credential_usecase.go:59.19,61.3 1 1
github.com/rmscoal/moilerplate/internal/app/usecase/credential_usecase.go:63.2,64.16 2 2
github.com/rmscoal/moilerplate/internal/app/usecase/credential_usecase.go:64.16,66.3 1 1
github.com/rmscoal/moilerplate/internal/app/usecase/credential_usecase.go:68.2,68.8 1 1
github.com/rmscoal/moilerplate/internal/app/usecase/credential_usecase.go:71.108,73.16 2 3
github.com/rmscoal/moilerplate/internal/app/usecase/credential_usecase.go:73.16,75.3 1 1
github.com/rmscoal/moilerplate/internal/app/usecase/credential_usecase.go:77.2,78.16 2 2
github.com/rmscoal/moilerplate/internal/app/usecase/credential_usecase.go:78.16,80.3 1 1
github.com/rmscoal/moilerplate/internal/app/usecase/credential_usecase.go:82.2,82.8 1 1
github.com/rmscoal/moilerplate/internal/app/usecase/credential_usecase.go:85.88,87.16 2 2
github.com/rmscoal/moilerplate/internal/app/usecase/credential_usecase.go:87.16,89.3 1 1
github.com/rmscoal/moilerplate/internal/app/usecase/credential_usecase.go:91.2,91.19 1 1
github.com/rmscoal/moilerplate/internal/app/usecase/errors.go:47.36,49.2 1 24
github.com/rmscoal/moilerplate/internal/app/usecase/errors.go:51.66,57.58 2 24
github.com/rmscoal/moilerplate/internal/app/usecase/errors.go:57.58,63.3 1 27
github.com/rmscoal/moilerplate/internal/app/usecase/errors.go:65.2,65.13 1 24
github.com/rmscoal/moilerplate/internal/app/usecase/errors.go:68.91,74.58 2 0
github.com/rmscoal/moilerplate/internal/app/usecase/errors.go:74.58,81.3 1 0
github.com/rmscoal/moilerplate/internal/app/usecase/errors.go:83.2,83.13 1 0
github.com/rmscoal/moilerplate/internal/app/usecase/errors.go:86.53,88.2 1 0
github.com/rmscoal/moilerplate/internal/app/usecase/errors.go:94.55,95.9 1 2
github.com/rmscoal/moilerplate/internal/app/usecase/errors.go:96.37,97.41 1 1
github.com/rmscoal/moilerplate/internal/app/usecase/errors.go:98.10,99.68 1 1
github.com/rmscoal/moilerplate/internal/app/usecase/errors.go:105.55,106.9 1 2
github.com/rmscoal/moilerplate/internal/app/usecase/errors.go:107.37,108.41 1 1
github.com/rmscoal/moilerplate/internal/app/usecase/errors.go:109.10,110.63 1 1
github.com/rmscoal/moilerplate/internal/app/usecase/errors.go:115.57,116.9 1 8
github.com/rmscoal/moilerplate/internal/app/usecase/errors.go:117.37,118.65 1 5
github.com/rmscoal/moilerplate/internal/app/usecase/errors.go:119.35,120.63 1 1
github.com/rmscoal/moilerplate/internal/app/usecase/errors.go:121.10,122.68 1 2
github.com/rmscoal/moilerplate/internal/app/usecase/errors.go:128.53,130.2 1 2
github.com/rmscoal/moilerplate/internal/app/usecase/errors.go:132.44,134.2 1 6
github.com/rmscoal/moilerplate/internal/app/usecase/errors.go:136.54,140.2 1 0
github.com/rmscoal/moilerplate/internal/app/usecase/errors.go:145.41,147.2 1 1
github.com/rmscoal/moilerplate/internal/app/usecase/errors.go:150.54,152.2 1 3
github.com/rmscoal/moilerplate/internal/domain/user.go:23.32,37.2 1 3
github.com/rmscoal/moilerplate/internal/domain/user.go:39.42,44.2 1 7
github.com/rmscoal/moilerplate/testing/observability/testing_trace.go:13.55,15.2 1 1
github.com/rmscoal/moilerplate/testing/observability/testing_trace.go:17.81,19.2 1 15
github.com/rmscoal/moilerplate/testing/observability/testing_trace.go:24.119,27.2 1 10
github.com/rmscoal/moilerplate/testing/repo/base_repo_mock.go:15.65,17.16 2 0
github.com/rmscoal/moilerplate/testing/repo/base_repo_mock.go:17.16,19.3 1 0
github.com/rmscoal/moilerplate/testing/repo/base_repo_mock.go:21.2,26.16 2 0
github.com/rmscoal/moilerplate/testing/repo/base_repo_mock.go:26.16,28.3 1 0
github.com/rmscoal/moilerplate/testing/repo/base_repo_mock.go:30.2,30.33 1 0
github.com/rmscoal/moilerplate/testing/repo/base_repo_mock.go:37.66,40.2 2 0
github.com/rmscoal/moilerplate/testing/repo/base_repo_mock.go:42.64,45.2 2 0
github.com/rmscoal/moilerplate/testing/repo/credential_repo_mock.go:15.104,18.2 2 2
github.com/rmscoal/moilerplate/testing/repo/credential_repo_mock.go:20.110,23.2 2 6
github.com/rmscoal/moilerplate/testing/repo/credential_repo_mock.go:25.98,28.2 2 2
github.com/rmscoal/moilerplate/testing/service/doorkeeper_mock.go:14.112,17.2 2 2
github.com/rmscoal/moilerplate/testing/service/doorkeeper_mock.go:19.137,22.2 2 4
github.com/rmscoal/moilerplate/testing/service/doorkeeper_mock.go:24.126,27.2 2 2
github.com/rmscoal/moilerplate/testing/service/doorkeeper_mock.go:29.107,32.2 2 3
github.com/rmscoal/moilerplate/testing/service/doorkeeper_mock.go:34.110,37.2 2 2
github.com/rmscoal/moilerplate/internal/utils/string.go:7.48,9.2 1 2
github.com/rmscoal/moilerplate/internal/utils/string.go:11.41,13.2 1 2
